<?xml version="1.0" encoding="UTF-8"?>
<!-- Generated by org.testng.reporters.JUnitReportReporter -->
<testsuite hostname="HP" name="com.saf.so.smartoffice.Starter" tests="4" failures="0" timestamp="13 Mar 2017 18:17:03 GMT" time="67.000" errors="0">
  <testcase name="loginTest" time="1.009" classname="com.saf.so.smartoffice.Starter"/>
  <testcase name="AddBuildingTest" time="30.161" classname="com.saf.so.smartoffice.Starter"/>
  <testcase name="AddFlrTest" time="13.658" classname="com.saf.so.smartoffice.Starter"/>
  <testcase name="AddSpacePage" time="22.172" classname="com.saf.so.smartoffice.Starter"/>
</testsuite> <!-- com.saf.so.smartoffice.Starter -->
