<?xml version="1.0" encoding="UTF-8"?>
<!-- Generated by org.testng.reporters.JUnitReportReporter -->
<testsuite hostname="PC4155" name="com.saf.so.smartoffice.Starter4" tests="6" failures="0" timestamp="13 Apr 2017 10:38:08 GMT" time="52.076" errors="0">
  <testcase name="loginTest" time="0.722" classname="com.saf.so.smartoffice.Starter4"/>
  <testcase name="meetfromicon" time="0.002" classname="com.saf.so.smartoffice.Starter4"/>
  <testcase name="meetfromicon" time="51.344" classname="com.saf.so.smartoffice.Starter4"/>
  <testcase name="meetfromicon" time="0.006" classname="com.saf.so.smartoffice.Starter4"/>
  <testcase name="meetfromicon" time="0.001" classname="com.saf.so.smartoffice.Starter4"/>
  <testcase name="meetfromicon" time="0.001" classname="com.saf.so.smartoffice.Starter4"/>
</testsuite> <!-- com.saf.so.smartoffice.Starter4 -->
