<?xml version="1.0" encoding="UTF-8"?>
<!-- Generated by org.testng.reporters.JUnitReportReporter -->
<testsuite hostname="PC4155" name="com.saf.so.smartoffice.Starter" tests="6" failures="0" timestamp="28 Mar 2017 07:31:04 GMT" time="110.677" errors="0">
  <testcase name="AddBuildingTest" time="33.115" classname="com.saf.so.smartoffice.Starter"/>
  <testcase name="meetingbook" time="5.342" classname="com.saf.so.smartoffice.Starter"/>
  <testcase name="loginTest" time="0.640" classname="com.saf.so.smartoffice.Starter"/>
  <testcase name="AddFlrTest" time="18.669" classname="com.saf.so.smartoffice.Starter"/>
  <testcase name="AddSpacePage" time="35.081" classname="com.saf.so.smartoffice.Starter"/>
  <testcase name="meetingcreate" time="17.830" classname="com.saf.so.smartoffice.Starter"/>
</testsuite> <!-- com.saf.so.smartoffice.Starter -->
