<?xml version="1.0" encoding="UTF-8"?>
<!-- Generated by org.testng.reporters.JUnitReportReporter -->
<testsuite hostname="PC4155" name="com.saf.so.smartoffice.Starter3" tests="2" failures="0" timestamp="30 Mar 2017 07:22:35 GMT" time="37.760" errors="0">
  <testcase name="addusermembertest" time="36.839" classname="com.saf.so.smartoffice.Starter3"/>
  <testcase name="loginTest" time="0.921" classname="com.saf.so.smartoffice.Starter3"/>
</testsuite> <!-- com.saf.so.smartoffice.Starter3 -->
