<?xml version="1.0" encoding="UTF-8"?>
<!-- Generated by org.testng.reporters.JUnitReportReporter -->
<testsuite hostname="PC4155" name="com.saf.so.smartoffice.Starter" tests="3" failures="0" timestamp="1 Mar 2017 10:31:54 GMT" time="44.836" errors="0">
  <testcase name="loginTest" time="0.714" classname="com.saf.so.smartoffice.Starter"/>
  <testcase name="AddBuildingTest" time="32.476" classname="com.saf.so.smartoffice.Starter"/>
  <testcase name="AddFlrTest" time="11.646" classname="com.saf.so.smartoffice.Starter"/>
</testsuite> <!-- com.saf.so.smartoffice.Starter -->
