<?xml version="1.0" encoding="UTF-8"?>
<!-- Generated by org.testng.reporters.JUnitReportReporter -->
<testsuite hostname="PC4155" name="com.saf.so.smartoffice.Starter4" tests="2" failures="0" timestamp="6 Apr 2017 12:06:13 GMT" time="34.391" errors="0">
  <testcase name="loginTest" time="2.964" classname="com.saf.so.smartoffice.Starter4"/>
  <testcase name="meetfromicon" time="31.427" classname="com.saf.so.smartoffice.Starter4"/>
</testsuite> <!-- com.saf.so.smartoffice.Starter4 -->
