<?xml version="1.0" encoding="UTF-8"?>
<!-- Generated by org.testng.reporters.JUnitReportReporter -->
<<<<<<< HEAD
<testsuite hostname="HP" name="com.saf.so.smartoffice.Starter" tests="4" failures="0" timestamp="8 Mar 2017 17:00:50 GMT" time="51.507" errors="0">
  <testcase name="AddSpacePage" time="13.145" classname="com.saf.so.smartoffice.Starter"/>
  <testcase name="loginTest" time="1.462" classname="com.saf.so.smartoffice.Starter"/>
  <testcase name="AddBuildingTest" time="24.986" classname="com.saf.so.smartoffice.Starter"/>
  <testcase name="AddFlrTest" time="11.914" classname="com.saf.so.smartoffice.Starter"/>
=======
<testsuite hostname="PC4155" name="com.saf.so.smartoffice.Starter" tests="4" failures="0" timestamp="9 Mar 2017 11:34:34 GMT" time="61.856" errors="0">
  <testcase name="AddBuildingTest" time="35.296" classname="com.saf.so.smartoffice.Starter"/>
  <testcase name="loginTest" time="1.221" classname="com.saf.so.smartoffice.Starter"/>
  <testcase name="AddSpacePage" time="13.195" classname="com.saf.so.smartoffice.Starter"/>
  <testcase name="AddFlrTest" time="12.144" classname="com.saf.so.smartoffice.Starter"/>
>>>>>>> 7464541a6c88be2cb5dfb229eef3c5ac4ac65286
</testsuite> <!-- com.saf.so.smartoffice.Starter -->
