<?xml version="1.0" encoding="UTF-8"?>
<!-- Generated by org.testng.reporters.JUnitReportReporter -->
<testsuite hostname="HP" name="com.saf.so.smartoffice.Starter" tests="4" failures="0" timestamp="19 Mar 2017 17:27:45 GMT" time="72.081" errors="0">
  <testcase name="loginTest" time="0.889" classname="com.saf.so.smartoffice.Starter"/>
  <testcase name="AddSpacePage" time="29.046" classname="com.saf.so.smartoffice.Starter"/>
  <testcase name="AddFlrTest" time="13.789" classname="com.saf.so.smartoffice.Starter"/>
  <testcase name="AddBuildingTest" time="28.357" classname="com.saf.so.smartoffice.Starter"/>
</testsuite> <!-- com.saf.so.smartoffice.Starter -->
