<?xml version="1.0" encoding="UTF-8"?>
<!-- Generated by org.testng.reporters.JUnitReportReporter -->
<testsuite hostname="PC4155" name="com.saf.so.smartoffice.Starter" tests="4" failures="0" timestamp="17 Mar 2017 09:34:47 GMT" time="69.981" errors="0">
  <testcase name="AddSpacePage" time="25.110" classname="com.saf.so.smartoffice.Starter"/>
  <testcase name="AddBuildingTest" time="30.216" classname="com.saf.so.smartoffice.Starter"/>
  <testcase name="AddFlrTest" time="13.931" classname="com.saf.so.smartoffice.Starter"/>
  <testcase name="loginTest" time="0.724" classname="com.saf.so.smartoffice.Starter"/>
</testsuite> <!-- com.saf.so.smartoffice.Starter -->
