<?xml version="1.0" encoding="UTF-8"?>
<!-- Generated by org.testng.reporters.JUnitReportReporter -->
<testsuite hostname="PC4155" name="com.saf.so.smartoffice.Starter" tests="6" failures="0" timestamp="23 Mar 2017 13:06:59 GMT" time="85.034" errors="0">
  <testcase name="loginTest" time="0.653" classname="com.saf.so.smartoffice.Starter"/>
  <testcase name="AddBuildingTest" time="26.745" classname="com.saf.so.smartoffice.Starter"/>
  <testcase name="meetingbook" time="6.564" classname="com.saf.so.smartoffice.Starter"/>
  <testcase name="meetingcreate" time="12.415" classname="com.saf.so.smartoffice.Starter"/>
  <testcase name="AddSpacePage" time="24.729" classname="com.saf.so.smartoffice.Starter"/>
  <testcase name="AddFlrTest" time="13.928" classname="com.saf.so.smartoffice.Starter"/>
</testsuite> <!-- com.saf.so.smartoffice.Starter -->
