<?xml version="1.0" encoding="UTF-8"?>
<!-- Generated by org.testng.reporters.JUnitReportReporter -->
<testsuite hostname="HP" name="com.saf.so.smartoffice.Starter" tests="4" failures="0" timestamp="8 Mar 2017 17:00:50 GMT" time="51.507" errors="0">
  <testcase name="AddSpacePage" time="13.145" classname="com.saf.so.smartoffice.Starter"/>
  <testcase name="loginTest" time="1.462" classname="com.saf.so.smartoffice.Starter"/>
  <testcase name="AddBuildingTest" time="24.986" classname="com.saf.so.smartoffice.Starter"/>
  <testcase name="AddFlrTest" time="11.914" classname="com.saf.so.smartoffice.Starter"/>
</testsuite> <!-- com.saf.so.smartoffice.Starter -->
